<?xml version="1.0" encoding="UTF-8"?>
<testsuite name="Scenario: List of all of hotel within 10 miles radius of downtown" time="0.601" tests="8" errors="0" skipped="0" failures="0">
  <properties>
[...]
</properties>
  <testcase name="Given I am on default location search locations screen" classname="Scenario: List of all of hotel within 10 miles radius of downtown" time="0.244"/>
  <testcase name="When I enter Cincinnati and select CityName field on the homepage page" classname="Scenario: List of all of hotel within 10 miles radius of downtown" time="0.001"/>
  <testcase name="And I enter 05/07/20 and select CheckIn field on the homepage page" classname="Scenario: List of all of hotel within 10 miles radius of downtown" time="0.007"/>
  <testcase name="And I enter 05/09/20 and select CheckOut field on the homepage page" classname="Scenario: List of all of hotel within 10 miles radius of downtown" time="0"/>
  <testcase name="And I enter 1 and select Rooms field on the homepage page" classname="Scenario: List of all of hotel within 10 miles radius of downtown" time="0"/>
  <testcase name="And I select system displays all hotels within 10 or less mile radius of downtown" classname="Scenario: List of all of hotel within 10 miles radius of downtown" time="0.004"/>
  <testcase name="Then I select all Hilton hotels from previous list" classname="Scenario: List of all of hotel within 10 miles radius of downtown" time="0.001"/>
  <testcase name="Scenario: List of all of hotel within 10 miles radius of downtown" classname="Scenario: List of all of hotel within 10 miles radius of downtown" time="0.344"/>
</testsuite>